#
# There is insufficient memory for the Java Runtime Environment to continue.
# Native memory allocation (mmap) failed to map 264241152 bytes. Error detail: G1 virtual space
# Possible reasons:
#   The system is out of physical RAM or swap space
#   This process is running with CompressedOops enabled, and the Java Heap may be blocking the growth of the native heap
# Possible solutions:
#   Reduce memory load on the system
#   Increase physical memory or swap space
#   Check if swap backing store is full
#   Decrease Java heap size (-Xmx/-Xms)
#   Decrease number of Java threads
#   Decrease Java thread stack sizes (-Xss)
#   Set larger code cache with -XX:ReservedCodeCacheSize=
#   JVM is running with Zero Based Compressed Oops mode in which the Java heap is
#     placed in the first 32GB address space. The Java Heap base address is the
#     maximum limit for the native heap growth. Please use -XX:HeapBaseMinAddress
#     to set the Java Heap base and to place the Java Heap above 32GB virtual address.
# This output file may be truncated or incomplete.
#
#  Out of Memory Error (os_windows.cpp:3631), pid=24032, tid=24872
#
# JRE version:  (22.0.1+8) (build )
# Java VM: Java HotSpot(TM) 64-Bit Server VM (22.0.1+8-16, mixed mode, sharing, tiered, compressed oops, compressed class ptrs, g1 gc, windows-amd64)
# No core dump will be written. Minidumps are not enabled by default on client versions of Windows
#

---------------  S U M M A R Y ------------

Command Line: -Dfile.encoding=UTF-8 -Dstdout.encoding=UTF-8 -Dstderr.encoding=UTF-8 --module-path=D:\Java\DemoPrj\bin;D:\mysql-connector-j-9.0.0\mysql-connector-j-9.0.0.jar -XX:+ShowCodeDetailsInExceptionMessages -Djdk.module.main=DemoPrj DemoPrj/mypack.ArithmaticCalculator

Host: 12th Gen Intel(R) Core(TM) i5-1235U, 12 cores, 15G,  Windows 11 , 64 bit Build 22621 (10.0.22621.3672)
Time: Sat Jul 27 21:19:52 2024 India Standard Time elapsed time: 0.008984 seconds (0d 0h 0m 0s)

---------------  T H R E A D  ---------------

Current thread (0x00000217ae389580):  JavaThread "Unknown thread" [_thread_in_vm, id=24872, stack(0x0000006354f00000,0x0000006355000000) (1024K)]

Stack: [0x0000006354f00000,0x0000006355000000]
Native frames: (J=compiled Java code, j=interpreted, Vv=VM code, C=native code)
V  [jvm.dll+0x6e2279]  (no source info available)
V  [jvm.dll+0x874e33]  (no source info available)
V  [jvm.dll+0x87725e]  (no source info available)
V  [jvm.dll+0x877933]  (no source info available)
V  [jvm.dll+0x27fd76]  (no source info available)
V  [jvm.dll+0x6de915]  (no source info available)
V  [jvm.dll+0x6d341a]  (no source info available)
V  [jvm.dll+0x3589da]  (no source info available)
V  [jvm.dll+0x360f06]  (no source info available)
V  [jvm.dll+0x3b3e2e]  (no source info available)
V  [jvm.dll+0x3b40d8]  (no source info available)
V  [jvm.dll+0x32c59c]  (no source info available)
V  [jvm.dll+0x32d158]  (no source info available)
V  [jvm.dll+0x83ccdc]  (no source info available)
V  [jvm.dll+0x3c0d71]  (no source info available)
V  [jvm.dll+0x825ccc]  (no source info available)
V  [jvm.dll+0x45b8fe]  (no source info available)
V  [jvm.dll+0x45d781]  (no source info available)
C  [jli.dll+0x52a3]  (no source info available)
C  [ucrtbase.dll+0x29333]  (no source info available)
C  [KERNEL32.DLL+0x1257d]  (no source info available)
C  [ntdll.dll+0x5af28]  (no source info available)


---------------  P R O C E S S  ---------------

Threads class SMR info:
_java_thread_list=0x00007ffb96a2b1c8, length=0, elements={
}

Java Threads: ( => current thread )
Total: 0

Other Threads:
  0x00000217b065e170 WorkerThread "GC Thread#0"                     [id=25924, stack(0x0000006355000000,0x0000006355100000) (1024K)]
  0x00000217b06ad010 ConcurrentGCThread "G1 Main Marker"            [id=12436, stack(0x0000006355100000,0x0000006355200000) (1024K)]
  0x00000217b06adb20 WorkerThread "G1 Conc#0"                       [id=24684, stack(0x0000006355200000,0x0000006355300000) (1024K)]

[error occurred during error reporting (printing all threads), id 0xc0000005, EXCEPTION_ACCESS_VIOLATION (0xc0000005) at pc=0x00007ffb9617f367]
VM state: not at safepoint (not fully initialized)

VM Mutex/Monitor currently owned by a thread:  ([mutex/lock_event])
[0x00007ffb96aabcb8] Heap_lock - owner thread: 0x00000217ae389580

Heap address: 0x0000000705200000, size: 4014 MB, Compressed Oops mode: Zero based, Oop shift amount: 3

CDS archive(s) mapped at: [0x0000000000000000-0x0000000000000000-0x0000000000000000), size 0, SharedBaseAddress: 0x0000000800000000, ArchiveRelocationMode: 1.
Narrow klass base: 0x0000000000000000, Narrow klass shift: 0, Narrow klass range: 0x0

GC Precious Log:
 CardTable entry size: 512
 Card Set container configuration: InlinePtr #cards 4 size 8 Array Of Cards #cards 16 size 48 Howl #buckets 8 coarsen threshold 3686 Howl Bitmap #cards 512 size 80 coarsen threshold 460 Card regions per heap region 1 cards per card region 4096

Heap:
 garbage-first heap   total reserved 4110336K, committed 0K, used 0K [0x0000000705200000, 0x0000000800000000)
  region size 2048K, 0 young (0K), 0 survivors (0K)

[error occurred during error reporting (printing heap information), id 0xc0000005, EXCEPTION_ACCESS_VIOLATION (0xc0000005) at pc=0x00007ffb9657e429]
GC Heap History (0 events):
No events

Dll operation events (1 events):
Event: 0.006 Loaded shared library C:\Program Files\Java\jdk-22\bin\java.dll

Deoptimization events (0 events):
No events

Classes loaded (0 events):
No events

Classes unloaded (0 events):
No events

Classes redefined (0 events):
No events

Internal exceptions (0 events):
No events

ZGC Phase Switch (0 events):
No events

VM Operations (0 events):
No events

Events (0 events):
No events


Dynamic libraries:
0x00007ff77cc00000 - 0x00007ff77cc10000 	C:\Program Files\Java\jdk-22\bin\javaw.exe
0x00007ffc18e50000 - 0x00007ffc19067000 	C:\windows\SYSTEM32\ntdll.dll
0x00007ffc17a00000 - 0x00007ffc17ac4000 	C:\windows\System32\KERNEL32.DLL
0x00007ffc16180000 - 0x00007ffc1652d000 	C:\windows\System32\KERNELBASE.dll
0x00007ffc16630000 - 0x00007ffc16741000 	C:\windows\System32\ucrtbase.dll
0x00007ffbd7b40000 - 0x00007ffbd7b57000 	C:\Program Files\Java\jdk-22\bin\jli.dll
0x00007ffc16e80000 - 0x00007ffc16f32000 	C:\windows\System32\ADVAPI32.dll
0x00007ffc17ad0000 - 0x00007ffc17b77000 	C:\windows\System32\msvcrt.dll
0x00007ffc175a0000 - 0x00007ffc17649000 	C:\windows\System32\sechost.dll
0x00007ffc16530000 - 0x00007ffc16558000 	C:\windows\System32\bcrypt.dll
0x00007ffc17470000 - 0x00007ffc17584000 	C:\windows\System32\RPCRT4.dll
0x00007ffc17f90000 - 0x00007ffc1813e000 	C:\windows\System32\USER32.dll
0x00007ffc16600000 - 0x00007ffc16626000 	C:\windows\System32\win32u.dll
0x00007ffc16f40000 - 0x00007ffc16f69000 	C:\windows\System32\GDI32.dll
0x00007ffc16a70000 - 0x00007ffc16b89000 	C:\windows\System32\gdi32full.dll
0x00007ffc16560000 - 0x00007ffc165fa000 	C:\windows\System32\msvcp_win.dll
0x00007ffbd4f30000 - 0x00007ffbd4f4b000 	C:\Program Files\Java\jdk-22\bin\VCRUNTIME140.dll
0x00007ffbf7480000 - 0x00007ffbf7713000 	C:\windows\WinSxS\amd64_microsoft.windows.common-controls_6595b64144ccf1df_6.0.22621.3672_none_2713b9d173822955\COMCTL32.dll
0x00007ffc07d90000 - 0x00007ffc07d9a000 	C:\windows\SYSTEM32\VERSION.dll
0x00007ffc16e40000 - 0x00007ffc16e71000 	C:\windows\System32\IMM32.DLL
0x00007ffbead40000 - 0x00007ffbead4c000 	C:\Program Files\Java\jdk-22\bin\vcruntime140_1.dll
0x00007ffbc78b0000 - 0x00007ffbc793e000 	C:\Program Files\Java\jdk-22\bin\msvcp140.dll
0x00007ffb95e40000 - 0x00007ffb96b87000 	C:\Program Files\Java\jdk-22\bin\server\jvm.dll
0x00007ffc18d80000 - 0x00007ffc18df1000 	C:\windows\System32\WS2_32.dll
0x00007ffc15f90000 - 0x00007ffc15fdd000 	C:\windows\SYSTEM32\POWRPROF.dll
0x00007ffc0d8a0000 - 0x00007ffc0d8d4000 	C:\windows\SYSTEM32\WINMM.dll
0x00007ffc15e70000 - 0x00007ffc15e83000 	C:\windows\SYSTEM32\UMPDC.dll
0x00007ffc15120000 - 0x00007ffc15138000 	C:\windows\SYSTEM32\kernel.appcore.dll
0x00007ffbd9dd0000 - 0x00007ffbd9dda000 	C:\Program Files\Java\jdk-22\bin\jimage.dll
0x00007ffc137d0000 - 0x00007ffc13a02000 	C:\windows\SYSTEM32\DBGHELP.DLL
0x00007ffc17c00000 - 0x00007ffc17f88000 	C:\windows\System32\combase.dll
0x00007ffc18ab0000 - 0x00007ffc18b87000 	C:\windows\System32\OLEAUT32.dll
0x00007ffbee350000 - 0x00007ffbee382000 	C:\windows\SYSTEM32\dbgcore.DLL
0x00007ffc168c0000 - 0x00007ffc1693b000 	C:\windows\System32\bcryptPrimitives.dll
0x00007ffbd4f10000 - 0x00007ffbd4f2e000 	C:\Program Files\Java\jdk-22\bin\java.dll
0x00007ffc18250000 - 0x00007ffc18aaf000 	C:\windows\System32\SHELL32.dll
0x00007ffc16be0000 - 0x00007ffc16d85000 	C:\windows\System32\ole32.dll

dbghelp: loaded successfully - version: 4.0.5 - missing functions: none
symbol engine: initialized successfully - sym options: 0x614 - pdb path: .;C:\Program Files\Java\jdk-22\bin;C:\windows\SYSTEM32;C:\windows\WinSxS\amd64_microsoft.windows.common-controls_6595b64144ccf1df_6.0.22621.3672_none_2713b9d173822955;C:\Program Files\Java\jdk-22\bin\server

VM Arguments:
jvm_args: -Dfile.encoding=UTF-8 -Dstdout.encoding=UTF-8 -Dstderr.encoding=UTF-8 --module-path=D:\Java\DemoPrj\bin;D:\mysql-connector-j-9.0.0\mysql-connector-j-9.0.0.jar -XX:+ShowCodeDetailsInExceptionMessages -Djdk.module.main=DemoPrj 
java_command: DemoPrj/mypack.ArithmaticCalculator
java_class_path (initial): <not set>
Launcher Type: SUN_STANDARD

[Global flags]
     intx CICompilerCount                          = 4                                         {product} {ergonomic}
     uint ConcGCThreads                            = 3                                         {product} {ergonomic}
     uint G1ConcRefinementThreads                  = 10                                        {product} {ergonomic}
   size_t G1HeapRegionSize                         = 2097152                                   {product} {ergonomic}
   size_t InitialHeapSize                          = 264241152                                 {product} {ergonomic}
   size_t MarkStackSize                            = 4194304                                   {product} {ergonomic}
   size_t MaxHeapSize                              = 4208984064                                {product} {ergonomic}
   size_t MinHeapDeltaBytes                        = 2097152                                   {product} {ergonomic}
   size_t MinHeapSize                              = 8388608                                   {product} {ergonomic}
    uintx NonNMethodCodeHeapSize                   = 5839372                                {pd product} {ergonomic}
    uintx NonProfiledCodeHeapSize                  = 122909434                              {pd product} {ergonomic}
    uintx ProfiledCodeHeapSize                     = 122909434                              {pd product} {ergonomic}
    uintx ReservedCodeCacheSize                    = 251658240                              {pd product} {ergonomic}
     bool SegmentedCodeCache                       = true                                      {product} {ergonomic}
     bool ShowCodeDetailsInExceptionMessages       = true                                   {manageable} {command line}
   size_t SoftMaxHeapSize                          = 4208984064                             {manageable} {ergonomic}
     bool UseCompressedOops                        = true                           {product lp64_product} {ergonomic}
     bool UseG1GC                                  = true                                      {product} {ergonomic}
     bool UseLargePagesIndividualAllocation        = false                                  {pd product} {ergonomic}

Logging:
Log output configuration:
 #0: stdout all=warning uptime,level,tags foldmultilines=false
 #1: stderr all=off uptime,level,tags foldmultilines=false

Environment Variables:
PATH=C:\Program Files\Common Files\Oracle\Java\javapath;C:\windows\system32;C:\windows;C:\windows\System32\Wbem;C:\windows\System32\WindowsPowerShell\v1.0\;C:\windows\System32\OpenSSH\;C:\Program Files\HP\HP One Agent;C:\Users\booba\AppData\Local\Microsoft\WindowsApps;C:\Users\booba\AppData\Local\Programs\Microsoft VS Code\bin
USERNAME=booba
OS=Windows_NT
PROCESSOR_IDENTIFIER=Intel64 Family 6 Model 154 Stepping 4, GenuineIntel
TMP=C:\Users\booba\AppData\Local\Temp
TEMP=C:\Users\booba\AppData\Local\Temp




Periodic native trim disabled

---------------  S Y S T E M  ---------------

OS:
 Windows 11 , 64 bit Build 22621 (10.0.22621.3672)
OS uptime: 6 days 12:34 hours
Hyper-V role detected

CPU: total 12 (initial active 12) (6 cores per cpu, 2 threads per core) family 6 model 154 stepping 4 microcode 0x42c, cx8, cmov, fxsr, ht, mmx, 3dnowpref, sse, sse2, sse3, ssse3, sse4.1, sse4.2, popcnt, lzcnt, tsc, tscinvbit, avx, avx2, aes, erms, clmul, bmi1, bmi2, adx, sha, fma, vzeroupper, clflush, clflushopt, clwb, hv, serialize, rdtscp, rdpid, fsrm, f16c, cet_ibt, cet_ss
Processor Information for processor 0
  Max Mhz: 1300, Current Mhz: 1300, Mhz Limit: 1300
Processor Information for processor 1
  Max Mhz: 1300, Current Mhz: 1300, Mhz Limit: 1300
Processor Information for processor 2
  Max Mhz: 1300, Current Mhz: 1300, Mhz Limit: 1300
Processor Information for processor 3
  Max Mhz: 1300, Current Mhz: 1300, Mhz Limit: 1300
Processor Information for processor 4
  Max Mhz: 1300, Current Mhz: 900, Mhz Limit: 897
Processor Information for processor 5
  Max Mhz: 1300, Current Mhz: 900, Mhz Limit: 897
Processor Information for processor 6
  Max Mhz: 1300, Current Mhz: 900, Mhz Limit: 897
Processor Information for processor 7
  Max Mhz: 1300, Current Mhz: 900, Mhz Limit: 897
Processor Information for processor 8
  Max Mhz: 1300, Current Mhz: 900, Mhz Limit: 897
Processor Information for processor 9
  Max Mhz: 1300, Current Mhz: 900, Mhz Limit: 897
Processor Information for processor 10
  Max Mhz: 1300, Current Mhz: 900, Mhz Limit: 897
Processor Information for processor 11
  Max Mhz: 1300, Current Mhz: 900, Mhz Limit: 897

Memory: 4k page, system-wide physical 16055M (6233M free)
TotalPageFile size 34011M (AvailPageFile size 148M)
current process WorkingSet (physical memory assigned to process): 12M, peak: 12M
current process commit charge ("private bytes"): 65M, peak: 316M

vm_info: Java HotSpot(TM) 64-Bit Server VM (22.0.1+8-16) for windows-amd64 JRE (22.0.1+8-16), built on 2024-03-12T10:33:16Z by "mach5one" with MS VC++ 17.6 (VS2022)

END.
